00:42:55.103 [http-nio-8080-exec-9] info - test@mail.com updated
00:42:55.115 [http-nio-8080-exec-9] info - EuKoenieg server updated
00:42:56.672 [http-nio-8080-exec-7] info - test@mail.com updated
00:42:56.677 [http-nio-8080-exec-7] info - EUSwitz server updated
00:43:00.316 [http-nio-8080-exec-5] info - test@mail.com updated
00:43:00.323 [http-nio-8080-exec-5] info - EuKoenieg server updated
00:43:03.458 [http-nio-8080-exec-7] info - test@mail.com updated
00:43:03.464 [http-nio-8080-exec-7] info - EUSwitz server updated
00:48:05.486 [scheduling-1] info - test@mail.com updated
00:48:05.487 [scheduling-1] info - test@mail.com payed 20 for EuKoenieg
00:48:05.498 [scheduling-1] info - test@mail.com updated
00:48:05.498 [scheduling-1] info - test@mail.com payed 60 for EUSwitz
00:49:05.521 [scheduling-1] info - test@mail.com updated
00:49:05.521 [scheduling-1] info - test@mail.com payed 20 for EuKoenieg
00:50:05.551 [scheduling-1] info - test@mail.com updated
00:50:05.551 [scheduling-1] info - test@mail.com payed 20 for EuKoenieg
00:51:05.592 [scheduling-1] info - test@mail.com updated
00:51:05.592 [scheduling-1] info - test@mail.com payed 20 for EuKoenieg
00:52:05.621 [scheduling-1] info - test@mail.com updated
00:52:05.622 [scheduling-1] info - test@mail.com payed 20 for EuKoenieg
00:53:05.656 [scheduling-1] info - test@mail.com updated
00:53:05.656 [scheduling-1] info - test@mail.com payed 60 for EUSwitz
00:53:05.670 [scheduling-1] info - test@mail.com updated
00:53:05.670 [scheduling-1] info - test@mail.com payed 20 for EuKoenieg
00:54:05.701 [scheduling-1] info - test@mail.com updated
00:54:05.701 [scheduling-1] info - test@mail.com payed 20 for EuKoenieg
00:54:05.712 [scheduling-1] info - test@mail.com updated
00:54:05.712 [scheduling-1] info - test@mail.com payed 60 for EUSwitz
00:55:05.732 [scheduling-1] info - test@mail.com updated
00:55:05.734 [scheduling-1] info - EUSwitz server updated
00:55:05.738 [scheduling-1] info - test@mail.com removed server EUSwitz
00:55:05.751 [scheduling-1] info - test@mail.com updated
00:55:05.751 [scheduling-1] info - test@mail.com payed 20 for EuKoenieg
00:56:05.773 [scheduling-1] info - test@mail.com updated
00:56:05.776 [scheduling-1] info - EuKoenieg server updated
00:56:05.779 [scheduling-1] info - test@mail.com removed server EuKoenieg
01:00:05.853 [scheduling-1] info - test@mail.com updated
01:00:05.856 [scheduling-1] info - EUSwitz server updated
01:00:05.860 [scheduling-1] info - test@mail.com removed server EUSwitz
01:07:09.868 [http-nio-8080-exec-4] info - test@mail.com updated
01:07:09.873 [http-nio-8080-exec-4] info - EuKoenieg server updated
01:08:05.618 [http-nio-8080-exec-9] info - test@mail.com updated
01:08:05.622 [http-nio-8080-exec-9] info - EUSwitz server updated
01:10:50.475 [http-nio-8080-exec-9] info - test@mail.com updated
01:10:50.479 [http-nio-8080-exec-9] info - EUSwitz server updated
01:10:52.051 [http-nio-8080-exec-6] info - test@mail.com updated
01:10:52.054 [http-nio-8080-exec-6] info - EuKoenieg server updated
01:11:06.226 [http-nio-8080-exec-1] info - 12 transaction created
01:11:06.242 [http-nio-8080-exec-1] info - test@mail.com updated
01:11:10.390 [http-nio-8080-exec-4] info - test@mail.com updated
01:11:10.395 [http-nio-8080-exec-4] info - EuKoenieg server updated
01:17:06.136 [scheduling-1] info - test@mail.com updated
01:17:06.139 [scheduling-1] info - EuKoenieg server updated
01:17:06.142 [scheduling-1] info - test@mail.com removed server EuKoenieg
02:00:52.642 [http-nio-8080-exec-5] info - ASHost provider created
02:02:56.708 [http-nio-8080-exec-7] info - ASHost provider updated
02:02:56.715 [http-nio-8080-exec-7] info - ASJap server created
02:03:15.258 [http-nio-8080-exec-2] info - ASHost provider updated
02:03:15.261 [http-nio-8080-exec-2] info - ASMon server created
02:05:06.300 [http-nio-8080-exec-7] info - ASHost provider updated
02:05:06.302 [http-nio-8080-exec-7] info - ASMonE server created
